<?xml version="1.0" encoding="UTF-8"?>
<testsuite xmlns:xsi="http://www.w3.org/2001/XMLSchema-instance" xsi:noNamespaceSchemaLocation="https://maven.apache.org/surefire/maven-surefire-plugin/xsd/surefire-test-report.xsd" name="AcaHelperTest" time="122.838" tests="2" errors="2" skipped="0" failures="0">
  <properties>
[...]
</properties>
  <testcase name="createCredentialDefinition" classname="AcaHelperTest" time="61.414">
    <error message="400 Exception raised by ledger transaction: Error: Pool timeout. Caused by: Consensus is impossible. PoolLedgerTimeout.: &quot;400: Exception raised by ledger transaction: Error: Pool timeout. Caused by: Consensus is impossible. PoolLedgerTimeout.&quot;" type="org.springframework.web.client.HttpClientErrorException$BadRequest">org.springframework.web.client.HttpClientErrorException$BadRequest: 400 Exception raised by ledger transaction: Error: Pool timeout. Caused by: Consensus is impossible. PoolLedgerTimeout.: "400: Exception raised by ledger transaction: Error: Pool timeout. Caused by: Consensus is impossible. PoolLedgerTimeout."
	at AcaHelperTest.createCredentialDefinition(AcaHelperTest.java:33)
</error>
    <system-out><![CDATA[17:18:32.413 [main] DEBUG org.springframework.boot.test.context.SpringBootTestContextBootstrapper - Neither @ContextConfiguration nor @ContextHierarchy found for test class [AcaHelperTest]: using SpringBootContextLoader
17:18:32.419 [main] DEBUG org.springframework.test.context.support.AbstractContextLoader - Could not detect default resource locations for test class [AcaHelperTest]: no resource found for suffixes {-context.xml, Context.groovy}.
17:18:32.455 [main] DEBUG org.springframework.boot.test.context.SpringBootTestContextBootstrapper - Using ContextCustomizers for test class [AcaHelperTest]: [ExcludeFilterContextCustomizer, DuplicateJsonObjectContextCustomizer, MockitoContextCustomizer, TestRestTemplateContextCustomizer, DisableObservabilityContextCustomizer, PropertyMappingContextCustomizer, Customizer]
17:18:32.567 [main] DEBUG org.springframework.boot.test.context.SpringBootTestContextBootstrapper - Using TestExecutionListeners for test class [AcaHelperTest]: [ServletTestExecutionListener, DirtiesContextBeforeModesTestExecutionListener, ApplicationEventsTestExecutionListener, MockitoTestExecutionListener, DependencyInjectionTestExecutionListener, DirtiesContextTestExecutionListener, TransactionalTestExecutionListener, SqlScriptsTestExecutionListener, EventPublishingTestExecutionListener, ResetMocksTestExecutionListener, RestDocsTestExecutionListener, MockRestServiceServerResetTestExecutionListener, MockMvcPrintOnlyOnFailureTestExecutionListener, WebDriverTestExecutionListener, MockWebServiceServerTestExecutionListener]
17:18:32.568 [main] DEBUG org.springframework.test.context.support.AbstractDirtiesContextTestExecutionListener - Before test class: class [AcaHelperTest], class annotated with @DirtiesContext [false] with mode [null]

  .   ____          _            __ _ _
 /\\ / ___'_ __ _ _(_)_ __  __ _ \ \ \ \
( ( )\___ | '_ | '_| | '_ \/ _` | \ \ \ \
 \\/  ___)| |_)| | | | | || (_| |  ) ) ) )
  '  |____| .__|_| |_|_| |_\__, | / / / /
 =========|_|==============|___/=/_/_/_/
 :: Spring Boot ::                (v3.0.2)

2023-03-10T17:18:32.953Z  INFO 18408 --- [           main] AcaHelperTest                            : Starting AcaHelperTest using Java 17.0.6 with PID 18408 (started by davidferreira in /Users/davidferreira/feup/3ano/2Semestre/trabalho/Prescription)
2023-03-10T17:18:32.958Z  INFO 18408 --- [           main] AcaHelperTest                            : No active profile set, falling back to 1 default profile: "default"
2023-03-10T17:18:33.174Z  INFO 18408 --- [           main] AcaHelperTest                            : Started AcaHelperTest in 0.568 seconds (process running for 1.659)
]]></system-out>
  </testcase>
  <testcase name="createSchemaTest" classname="AcaHelperTest" time="60.397">
    <error message="400 Exception raised by ledger transaction: Error: Pool timeout. Caused by: Consensus is impossible. PoolLedgerTimeout.: &quot;400: Exception raised by ledger transaction: Error: Pool timeout. Caused by: Consensus is impossible. PoolLedgerTimeout.&quot;" type="org.springframework.web.client.HttpClientErrorException$BadRequest">org.springframework.web.client.HttpClientErrorException$BadRequest: 400 Exception raised by ledger transaction: Error: Pool timeout. Caused by: Consensus is impossible. PoolLedgerTimeout.: "400: Exception raised by ledger transaction: Error: Pool timeout. Caused by: Consensus is impossible. PoolLedgerTimeout."
	at AcaHelperTest.createSchemaTest(AcaHelperTest.java:22)
</error>
  </testcase>
</testsuite>